<?xml version="1.0" encoding="UTF-8" ?>
<testsuite failures="0" time="3.485" errors="0" skipped="0" tests="1" name="com.mycompany.AppTest">
  <properties>
    <property name="java.runtime.name" value="Java(TM) SE Runtime Environment"/>
    <property name="sun.boot.library.path" value="C:\Program Files\java\jdk1.7.0_45\jre\bin"/>
    <property name="java.vm.version" value="24.45-b08"/>
    <property name="java.vm.vendor" value="Oracle Corporation"/>
    <property name="java.vendor.url" value="http://java.oracle.com/"/>
    <property name="path.separator" value=";"/>
    <property name="guice.disable.misplaced.annotation.check" value="true"/>
    <property name="java.vm.name" value="Java HotSpot(TM) Client VM"/>
    <property name="file.encoding.pkg" value="sun.io"/>
    <property name="user.script" value=""/>
    <property name="user.country" value="IN"/>
    <property name="sun.java.launcher" value="SUN_STANDARD"/>
    <property name="sun.os.patch.level" value="Service Pack 1"/>
    <property name="test" value="AppTest#testStoreUnicode"/>
    <property name="java.vm.specification.name" value="Java Virtual Machine Specification"/>
    <property name="user.dir" value="e:\learners-studio\java\workspace\Dwani\SanskritNouns"/>
    <property name="java.runtime.version" value="1.7.0_45-b18"/>
    <property name="java.awt.graphicsenv" value="sun.awt.Win32GraphicsEnvironment"/>
    <property name="java.endorsed.dirs" value="C:\Program Files\java\jdk1.7.0_45\jre\lib\endorsed"/>
    <property name="os.arch" value="x86"/>
    <property name="java.io.tmpdir" value="C:\Users\CIBLR620\AppData\Local\Temp\"/>
    <property name="line.separator" value="
"/>
    <property name="java.vm.specification.vendor" value="Oracle Corporation"/>
    <property name="user.variant" value=""/>
    <property name="os.name" value="Windows 7"/>
    <property name="classworlds.conf" value="e:\learners-studio\maven\apache-maven-3.1.1\bin\..\bin\m2.conf"/>
    <property name="sun.jnu.encoding" value="Cp1252"/>
    <property name="java.library.path" value="C:\Program Files\java\jdk1.7.0_45\bin;C:\Windows\Sun\Java\bin;C:\Windows\system32;C:\Windows;C:\Ruby193\bin;C:\Ruby193\Devkit;C:\Ruby193\Devkit\bin;C:\Ruby193\Devkit\mingw\bin;C:\Python33\;C:\Python27\;C:\Python27\Scripts;C:\Python32\;C:\Python32\Scripts;C:\Program Files\Common Files\Microsoft Shared\Microsoft Online Services;c:\mingw\bin;C:\Program Files\Common Files\Microsoft Shared\Windows Live;C:\Program Files\ActiveState Komodo Edit 6\;C:\Perl\site\bin;C:\Perl\bin;C:\Windows\system32;C:\Windows;C:\Windows\System32\Wbem;C:\Windows\System32\WindowsPowerShell\v1.0\;c:\Program Files\WIDCOMM\Bluetooth Software\;C:\Program Files\Dell\DW WLAN Card;C:\Program Files\Windows Live\Shared;C:\Program Files\Common Files\Roxio Shared\OEM\DLLShared\;C:\Program Files\Common Files\Roxio Shared\OEM\DLLShared\;C:\Program Files\Common Files\Roxio Shared\OEM\12.0\DLLShared\;C:\Program Files\Roxio\OEM\AudioCore\;C:\Program Files\TortoiseSVN\bin;c:\python32;c:\Program Files\Java\jdk1.6.0_20\bin;C:\gvim\GVimPortable\ctags58;e:\xampp\htdocs\Zend\bin;C:\Go\bin;C:\Program Files\TortoiseHg\;C:\Users\CIBLR620\AppData\Roaming\npm;C:\Program Files\nodejs\;C:\Program Files\Java\jdk1.7.0_03;e:\learners-studio\maven\apache-maven-3.1.1\bin;c:\Program Files\IronPython 2.7;C:\Program Files\QuickTime\QTSystem\;c:\gvim\GVimPortable\;E:\learners-studio\apache-ant-1.8.4\bin;C:\Program Files\Microsoft SQL Server\110\Tools\Binn\;C:\Program Files\java\jdk1.7.0_45\bin\;C:\Program Files\Microsoft SQL Server\Client SDK\ODBC\110\Tools\Binn\;c:\Windows\Microsoft.NET\Framework\v4.0.30319\;e:\learners-studio\nant-0.92\bin;e:\installation\vendor\ZFTool\bin;e:\xampp\php;E:\installation\zf2;e:\installation\zf2\vendor\ZFTool\bin;C:\Python27\;C:\Python27\Scripts;C:\Python32\;C:\Python32\Scripts;C:\Program Files\Common Files\Microsoft Shared\Microsoft Online Services;C:\RailsInstaller\Git\cmd;C:\RailsInstaller\Ruby1.9.3\bin;C:\Ruby193\bin;c:\mingw\bin;C:\Program Files\Common Files\Microsoft Shared\Windows Live;C:\Program Files\ActiveState Komodo Edit 6\;C:\Perl\site\bin;C:\Perl\bin;C:\Windows\system32;C:\Windows;C:\Windows\System32\Wbem;C:\Windows\System32\WindowsPowerShell\v1.0\;c:\Program Files\WIDCOMM\Bluetooth Software\;C:\Program Files\Dell\DW WLAN Card;C:\Program Files\Windows Live\Shared;C:\Program Files\Common Files\Roxio Shared\DLLShared\;C:\Program Files\Common Files\Roxio Shared\OEM\DLLShared\;C:\Program Files\Common Files\Roxio Shared\OEM\DLLShared\;C:\Program Files\Common Files\Roxio Shared\OEM\12.0\DLLShared\;C:\Program Files\Roxio\OEM\AudioCore\;C:\Program Files\TortoiseSVN\bin;c:\python32;c:\Program Files\Java\jdk1.7.0_45\bin;C:\gvim\GVimPortable\ctags58;e:\xampp\htdocs\Zend\bin;C:\Go\bin;C:\Program Files\TortoiseHg\;C:\Users\CIBLR620\AppData\Roaming\npm;C:\Program Files\nodejs\;e:\learners-studio\apache-maven-3.0.4\bin;c:\Program Files\IronPython 2.7;C:\Users\CIBLR620\AppData\Roaming\Python\Scripts;C:\GNUstep\GNUstep\System\Tools;c:\windows\system32;c:\gvim\GVimPortable\;E:\learners-studio\apache-ant-1.8.4\bin;C:\SocketeQ\windowsandroid_root\system\bin;C:\SocketeQ\windowsandroid_root\system\lib;C:\Users\CIBLR620\AppData\Local\Box\Box Edit\ ;c:\Windows\Microsoft.NET\Framework\v4.0.30319;."/>
    <property name="java.specification.name" value="Java Platform API Specification"/>
    <property name="java.class.version" value="51.0"/>
    <property name="sun.management.compiler" value="HotSpot Client Compiler"/>
    <property name="os.version" value="6.1"/>
    <property name="user.home" value="C:\Users\CIBLR620"/>
    <property name="user.timezone" value="Asia/Calcutta"/>
    <property name="java.awt.printerjob" value="sun.awt.windows.WPrinterJob"/>
    <property name="java.specification.version" value="1.7"/>
    <property name="file.encoding" value="Cp1252"/>
    <property name="user.name" value="CIBLR620"/>
    <property name="java.class.path" value="e:\learners-studio\maven\apache-maven-3.1.1\bin\..\boot\plexus-classworlds-2.5.1.jar"/>
    <property name="org.slf4j.simpleLogger.defaultLogLevel" value="info"/>
    <property name="java.vm.specification.version" value="1.7"/>
    <property name="sun.arch.data.model" value="32"/>
    <property name="java.home" value="C:\Program Files\java\jdk1.7.0_45\jre"/>
    <property name="sun.java.command" value="org.codehaus.plexus.classworlds.launcher.Launcher -Dtest=AppTest#testStoreUnicode test"/>
    <property name="java.specification.vendor" value="Oracle Corporation"/>
    <property name="user.language" value="en"/>
    <property name="awt.toolkit" value="sun.awt.windows.WToolkit"/>
    <property name="java.vm.info" value="mixed mode"/>
    <property name="java.version" value="1.7.0_45"/>
    <property name="java.ext.dirs" value="C:\Program Files\java\jdk1.7.0_45\jre\lib\ext;C:\Windows\Sun\Java\lib\ext"/>
    <property name="sun.boot.class.path" value="C:\Program Files\java\jdk1.7.0_45\jre\lib\resources.jar;C:\Program Files\java\jdk1.7.0_45\jre\lib\rt.jar;C:\Program Files\java\jdk1.7.0_45\jre\lib\sunrsasign.jar;C:\Program Files\java\jdk1.7.0_45\jre\lib\jsse.jar;C:\Program Files\java\jdk1.7.0_45\jre\lib\jce.jar;C:\Program Files\java\jdk1.7.0_45\jre\lib\charsets.jar;C:\Program Files\java\jdk1.7.0_45\jre\lib\jfr.jar;C:\Program Files\java\jdk1.7.0_45\jre\classes"/>
    <property name="java.vendor" value="Oracle Corporation"/>
    <property name="maven.home" value="e:\learners-studio\maven\apache-maven-3.1.1\bin\.."/>
    <property name="file.separator" value="\"/>
    <property name="java.vendor.url.bug" value="http://bugreport.sun.com/bugreport/"/>
    <property name="sun.cpu.endian" value="little"/>
    <property name="sun.io.unicode.encoding" value="UnicodeLittle"/>
    <property name="sun.desktop" value="windows"/>
    <property name="sun.cpu.isalist" value="pentium_pro+mmx pentium_pro pentium+mmx pentium i486 i386 i86"/>
  </properties>
  <testcase time="3.485" classname="com.mycompany.AppTest" name="testStoreUnicode"/>
</testsuite>